
==========RunStart==========
time: 20160504142127
time: 20160504142132
==========RunStop==========

==========RunStart==========
time: 20160504142133
time: 20160504142135
==========RunStop==========

==========RunStart==========
time: 20160504142136
time: 20160504142136
==========RunStop==========

==========RunStart==========
time: 20160504144711
time: 20160504145437
==========RunStop==========

==========RunStart==========
time: 20160504145453
time: 20160504145550
==========RunStop==========

==========RunStart==========
time: 20160504145605
time: 20160504145855
==========RunStop==========

==========RunStart==========
time: 20160504145901
time: 20160504145941
==========RunStop==========

==========RunStart==========
time: 20160504165630
Restart
==========RunStart==========
time: 20160504165732
FileNumber: 0002
time: 20160504165924
==========RunStop==========

==========RunStart==========
time: 20160504170655
==========RunStart==========
time: 20160504170941
FileNumber: 0003
FileNumber: 0004
FileNumber: 0005
time: 20160504173453
==========RunStop==========

==========RunStart==========
time: 20160504174304
Restart
Restart
Restart
time: 20160504175157
==========RunStop==========

==========RunStart==========
time: 20160504175228
Restart
time: 20160504180034
==========RunStop==========

==========RunStart==========
time: 20160504180051
Restart
time: 20160504180429
==========RunStop==========

==========RunStart==========
time: 20160504180932
Restart
Restart
time: 20160504183006
==========RunStop==========

==========RunStart==========
time: 20160504183034
time: 20160504183121
==========RunStop==========

==========RunStart==========
time: 20160504183132
time: 20160504183227
==========RunStop==========

==========RunStart==========
time: 20160504183240
time: 20160504183321
==========RunStop==========

==========RunStart==========
time: 20160504183332
time: 20160504183454
==========RunStop==========

==========RunStart==========
time: 20160504183513
time: 20160504183519
==========RunStop==========

==========RunStart==========
time: 20160504183531
time: 20160504183809
==========RunStop==========

==========RunStart==========
time: 20160504183825
Restart
time: 20160504183925
==========RunStop==========

==========RunStart==========
time: 20160504183944
Restart
FileNumber: 0006
==========RunStart==========
time: 20160504202109
time: 20160504203205
==========RunStop==========

==========RunStart==========
time: 20160504205419
time: 20160504205426
==========RunStop==========

==========RunStart==========
time: 20160504205831
time: 20160504205833
==========RunStop==========

==========RunStart==========
time: 20160504210833
time: 20160504210835
==========RunStop==========

==========RunStart==========
time: 20160504210905
time: 20160504210906
==========RunStop==========

==========RunStart==========
time: 20160504212513
Restart
Restart
time: 20160504212722
==========RunStop==========

==========RunStart==========
time: 20160504212729
time: 20160504212825
==========RunStop==========

==========RunStart==========
time: 20160504212830
FileNumber: 0007
time: 20160504213839
==========RunStop==========

==========RunStart==========
time: 20160504214544
time: 20160504214559
==========RunStop==========

==========RunStart==========
time: 20160504221315
time: 20160504221343
==========RunStop==========

==========RunStart==========
time: 20160504221937
==========RunStart==========
time: 20160504221950
FileNumber: 0009
time: 20160504222343
==========RunStop==========

==========RunStart==========
time: 20160504222349
time: 20160504222420
==========RunStop==========

==========RunStart==========
time: 20160504222425
FileNumber: 0010
time: 20160504223228
==========RunStop==========

==========RunStart==========
time: 20160504223233
FileNumber: 0011
time: 20160504233444
==========RunStop==========

==========RunStart==========
time: 20160504233449
FileNumber: 0012
time: 20160505005124
==========RunStop==========

==========RunStart==========
time: 20160505005129
FileNumber: 0013
time: 20160505011218
==========RunStop==========

==========RunStart==========
time: 20160505011223
FileNumber: 0014
time: 20160505073030
==========RunStop==========

==========RunStart==========
time: 20160505073038
FileNumber: 0015
FileNumber: 0016
time: 20160505083357
==========RunStop==========

==========RunStart==========
time: 20160505083410
FileNumber: 0017
FileNumber: 0018
FileNumber: 0019
FileNumber: 0020
FileNumber: 0021
time: 20160505134848
==========RunStop==========

==========RunStart==========
time: 20160505140038
time: 20160505140646
==========RunStop==========

==========RunStart==========
time: 20160505140745
FileNumber: 0022
FileNumber: 0023
time: 20160505150614
==========RunStop==========

==========RunStart==========
time: 20160505151117
FileNumber: 0024
time: 20160505164524
==========RunStop==========

==========RunStart==========
time: 20160505164612
FileNumber: 0025
time: 20160505165835
==========RunStop==========

==========RunStart==========
time: 20160505170426
FileNumber: 0026
time: 20160505171821
==========RunStop==========

==========RunStart==========
time: 20160505171825
FileNumber: 0027
time: 20160505173541
==========RunStop==========

==========RunStart==========
time: 20160505173830
time: 20160505173912
==========RunStop==========

==========RunStart==========
time: 20160505173917
time: 20160505173924
==========RunStop==========

==========RunStart==========
time: 20160505174001
FileNumber: 0028
FileNumber: 0029
time: 20160505181342
==========RunStop==========

==========RunStart==========
time: 20160505181350
FileNumber: 0030
time: 20160506081117
==========RunStop==========

==========RunStart==========
time: 20160506081122
FileNumber: 0031
time: 20160506095849
==========RunStop==========

==========RunStart==========
time: 20160506100640
FileNumber: 0032
time: 20160506101827
==========RunStop==========

==========RunStart==========
time: 20160506102416
FileNumber: 0033
time: 20160506144300
==========RunStop==========

==========RunStart==========
time: 20160506144348
FileNumber: 0034
time: 20160507092238
==========RunStop==========

==========RunStart==========
time: 20160507092456
FileNumber: 0035
==========RunStart==========
time: 20160507110931
FileNumber: 0036
time: 20160507124649
==========RunStop==========

==========RunStart==========
time: 20160507125017
FileNumber: 0037
time: 20160507143053
==========RunStop==========

==========RunStart==========
time: 20160507143125
FileNumber: 0038
time: 20160507224757
==========RunStop==========

==========RunStart==========
time: 20160507224801
FileNumber: 0039
time: 20160508125557
==========RunStop==========

==========RunStart==========
time: 20160508125605
FileNumber: 0040
time: 20160508150838
==========RunStop==========

==========RunStart==========
time: 20160508151425
FileNumber: 0041
time: 20160508155459
==========RunStop==========

==========RunStart==========
time: 20160508155512
FileNumber: 0042
time: 20160509074037
==========RunStop==========

==========RunStart==========
time: 20160509074215
FileNumber: 0043
time: 20160509090842
==========RunStop==========

==========RunStart==========
time: 20160509091415
FileNumber: 0044
time: 20160509144542
==========RunStop==========

==========RunStart==========
time: 20160509161343
FileNumber: 0045
time: 20160510124625
==========RunStop==========

==========RunStart==========
time: 20160510124640
FileNumber: 0046
time: 20160510152626
==========RunStop==========

==========RunStart==========
time: 20160510152813
FileNumber: 0047
time: 20160510213500
==========RunStop==========

==========RunStart==========
time: 20160510213508
FileNumber: 0048
time: 20160511100500
==========RunStop==========

==========RunStart==========
time: 20160511100508
FileNumber: 0049
time: 20160511111047
==========RunStop==========

==========RunStart==========
time: 20160511111708
FileNumber: 0050
==========RunStart==========
time: 20160513144748
time: 20160513144843
==========RunStop==========

==========RunStart==========
time: 20160513144929
time: 20160513144937
==========RunStop==========

==========RunStart==========
time: 20160513144957
time: 20160513145009
==========RunStop==========

==========RunStart==========
time: 20160513145032
time: 20160513145043
==========RunStop==========

==========RunStart==========
time: 20160513145045
time: 20160513145047
==========RunStop==========

==========RunStart==========
time: 20160513145103
time: 20160513145145
==========RunStop==========

==========RunStart==========
time: 20160513145203
time: 20160513150007
==========RunStop==========

==========RunStart==========
time: 20160513150100
time: 20160513150117
==========RunStop==========

==========RunStart==========
time: 20160513150145
time: 20160513150230
==========RunStop==========

==========RunStart==========
time: 20160513150231
time: 20160513150232
==========RunStop==========

==========RunStart==========
time: 20160513150249
time: 20160513150303
==========RunStop==========

==========RunStart==========
time: 20160513150324
time: 20160513150452
==========RunStop==========

==========RunStart==========
time: 20160513150518
FileNumber: 0051
FileNumber: 0052
FileNumber: 0053
FileNumber: 0054
FileNumber: 0055
FileNumber: 0056
time: 20160513175229
==========RunStop==========

==========RunStart==========
time: 20160513175251
time: 20160513175303
==========RunStop==========

==========RunStart==========
time: 20160513175320
time: 20160513175330
==========RunStop==========

==========RunStart==========
time: 20160513175350
time: 20160513175431
==========RunStop==========

==========RunStart==========
time: 20160513175627
time: 20160513175701
==========RunStop==========

==========RunStart==========
time: 20160513175733
==========RunStart==========
time: 20160513175750
time: 20160513175800
==========RunStop==========

==========RunStart==========
time: 20160513175821
==========RunStart==========
time: 20160513175841
time: 20160513175943
==========RunStop==========

==========RunStart==========
time: 20160513180002
FileNumber: 0057
time: 20160513184210
==========RunStop==========
